Oct 18 2018 07:52:40
{"type":8,"message":"Undefined index: post_ID","file":"\/home\/system-dreams\/www\/fhmendes\/wp-content\/themes\/fhmendes\/functions.php","line":276}

Oct 26 2018 05:36:00
{"type":8,"message":"Undefined index: post_ID","file":"\/home\/systemdreamscom\/public_html\/fhmendes\/wp-content\/themes\/fhmendes\/functions.php","line":401}

Oct 26 2018 05:36:01
{"type":8,"message":"Undefined index: post_ID","file":"\/home\/systemdreamscom\/public_html\/fhmendes\/wp-content\/themes\/fhmendes\/functions.php","line":401}

Oct 26 2018 05:36:02
{"type":8,"message":"Undefined index: post_ID","file":"\/home\/systemdreamscom\/public_html\/fhmendes\/wp-content\/themes\/fhmendes\/functions.php","line":401}

Oct 26 2018 05:36:03
{"type":8,"message":"Undefined index: post_ID","file":"\/home\/systemdreamscom\/public_html\/fhmendes\/wp-content\/themes\/fhmendes\/functions.php","line":401}

Oct 26 2018 05:36:08
{"type":8,"message":"Undefined index: post_ID","file":"\/home\/systemdreamscom\/public_html\/fhmendes\/wp-content\/themes\/fhmendes\/functions.php","line":401}

Oct 26 2018 05:36:19
{"type":8,"message":"Undefined index: post_ID","file":"\/home\/systemdreamscom\/public_html\/fhmendes\/wp-content\/themes\/fhmendes\/functions.php","line":401}

Oct 26 2018 05:36:30
{"type":8,"message":"Undefined index: post_ID","file":"\/home\/systemdreamscom\/public_html\/fhmendes\/wp-content\/themes\/fhmendes\/functions.php","line":401}

Oct 26 2018 05:36:37
{"type":8,"message":"Undefined index: post_ID","file":"\/home\/systemdreamscom\/public_html\/fhmendes\/wp-content\/themes\/fhmendes\/functions.php","line":401}

Oct 26 2018 05:36:39
{"type":8,"message":"Undefined index: post_ID","file":"\/home\/systemdreamscom\/public_html\/fhmendes\/wp-content\/themes\/fhmendes\/functions.php","line":401}

Oct 26 2018 05:36:39
{"type":8,"message":"Undefined index: post_ID","file":"\/home\/systemdreamscom\/public_html\/fhmendes\/wp-content\/themes\/fhmendes\/functions.php","line":401}

Oct 26 2018 05:36:40
{"type":8,"message":"Undefined index: post_ID","file":"\/home\/systemdreamscom\/public_html\/fhmendes\/wp-content\/themes\/fhmendes\/functions.php","line":401}

Oct 26 2018 05:36:41
{"type":8,"message":"Undefined index: post_ID","file":"\/home\/systemdreamscom\/public_html\/fhmendes\/wp-content\/themes\/fhmendes\/functions.php","line":401}

Oct 26 2018 10:20:21
{"type":8,"message":"Undefined index: post_ID","file":"\/home\/systemdreamscom\/public_html\/fhmendes\/wp-content\/themes\/fhmendes\/functions.php","line":401}

Oct 26 2018 10:21:12
{"type":8,"message":"Undefined index: post_ID","file":"\/home\/systemdreamscom\/public_html\/fhmendes\/wp-content\/themes\/fhmendes\/functions.php","line":401}

Oct 26 2018 10:22:04
{"type":8,"message":"Undefined index: post_ID","file":"\/home\/systemdreamscom\/public_html\/fhmendes\/wp-content\/themes\/fhmendes\/functions.php","line":401}

Oct 26 2018 10:23:00
{"type":8,"message":"Undefined index: post_ID","file":"\/home\/systemdreamscom\/public_html\/fhmendes\/wp-content\/themes\/fhmendes\/functions.php","line":401}

Oct 26 2018 10:23:53
{"type":8,"message":"Undefined index: post_ID","file":"\/home\/systemdreamscom\/public_html\/fhmendes\/wp-content\/themes\/fhmendes\/functions.php","line":401}

Oct 26 2018 10:24:44
{"type":8,"message":"Undefined index: post_ID","file":"\/home\/systemdreamscom\/public_html\/fhmendes\/wp-content\/themes\/fhmendes\/functions.php","line":401}

Oct 26 2018 10:25:35
{"type":8,"message":"Undefined index: post_ID","file":"\/home\/systemdreamscom\/public_html\/fhmendes\/wp-content\/themes\/fhmendes\/functions.php","line":401}

Oct 26 2018 10:26:28
{"type":8,"message":"Undefined index: post_ID","file":"\/home\/systemdreamscom\/public_html\/fhmendes\/wp-content\/themes\/fhmendes\/functions.php","line":401}

Oct 26 2018 10:27:18
{"type":8,"message":"Undefined index: post_ID","file":"\/home\/systemdreamscom\/public_html\/fhmendes\/wp-content\/themes\/fhmendes\/functions.php","line":401}

Oct 26 2018 10:28:09
{"type":8,"message":"Undefined index: post_ID","file":"\/home\/systemdreamscom\/public_html\/fhmendes\/wp-content\/themes\/fhmendes\/functions.php","line":401}

Oct 26 2018 10:29:00
{"type":8,"message":"Undefined index: post_ID","file":"\/home\/systemdreamscom\/public_html\/fhmendes\/wp-content\/themes\/fhmendes\/functions.php","line":401}

Oct 26 2018 10:29:51
{"type":8,"message":"Undefined index: post_ID","file":"\/home\/systemdreamscom\/public_html\/fhmendes\/wp-content\/themes\/fhmendes\/functions.php","line":401}

Oct 26 2018 10:30:43
{"type":8,"message":"Undefined index: post_ID","file":"\/home\/systemdreamscom\/public_html\/fhmendes\/wp-content\/themes\/fhmendes\/functions.php","line":401}

Oct 26 2018 10:31:35
{"type":8,"message":"Undefined index: post_ID","file":"\/home\/systemdreamscom\/public_html\/fhmendes\/wp-content\/themes\/fhmendes\/functions.php","line":401}

Oct 26 2018 10:32:27
{"type":8,"message":"Undefined index: post_ID","file":"\/home\/systemdreamscom\/public_html\/fhmendes\/wp-content\/themes\/fhmendes\/functions.php","line":401}

Oct 26 2018 10:33:18
{"type":8,"message":"Undefined index: post_ID","file":"\/home\/systemdreamscom\/public_html\/fhmendes\/wp-content\/themes\/fhmendes\/functions.php","line":401}

Oct 26 2018 10:34:11
{"type":8,"message":"Undefined index: post_ID","file":"\/home\/systemdreamscom\/public_html\/fhmendes\/wp-content\/themes\/fhmendes\/functions.php","line":401}

Oct 26 2018 10:35:01
{"type":8,"message":"Undefined index: post_ID","file":"\/home\/systemdreamscom\/public_html\/fhmendes\/wp-content\/themes\/fhmendes\/functions.php","line":401}

Oct 26 2018 10:35:53
{"type":8,"message":"Undefined index: post_ID","file":"\/home\/systemdreamscom\/public_html\/fhmendes\/wp-content\/themes\/fhmendes\/functions.php","line":401}

Oct 26 2018 10:36:44
{"type":8,"message":"Undefined index: post_ID","file":"\/home\/systemdreamscom\/public_html\/fhmendes\/wp-content\/themes\/fhmendes\/functions.php","line":401}

Oct 26 2018 10:37:36
{"type":8,"message":"Undefined index: post_ID","file":"\/home\/systemdreamscom\/public_html\/fhmendes\/wp-content\/themes\/fhmendes\/functions.php","line":401}

Oct 26 2018 10:38:28
{"type":8,"message":"Undefined index: post_ID","file":"\/home\/systemdreamscom\/public_html\/fhmendes\/wp-content\/themes\/fhmendes\/functions.php","line":401}

Oct 26 2018 10:39:19
{"type":8,"message":"Undefined index: post_ID","file":"\/home\/systemdreamscom\/public_html\/fhmendes\/wp-content\/themes\/fhmendes\/functions.php","line":401}

Oct 26 2018 10:40:10
{"type":8,"message":"Undefined index: post_ID","file":"\/home\/systemdreamscom\/public_html\/fhmendes\/wp-content\/themes\/fhmendes\/functions.php","line":401}

Oct 26 2018 10:41:01
{"type":8,"message":"Undefined index: post_ID","file":"\/home\/systemdreamscom\/public_html\/fhmendes\/wp-content\/themes\/fhmendes\/functions.php","line":401}

Oct 26 2018 10:41:53
{"type":8,"message":"Undefined index: post_ID","file":"\/home\/systemdreamscom\/public_html\/fhmendes\/wp-content\/themes\/fhmendes\/functions.php","line":401}

Oct 26 2018 10:42:44
{"type":8,"message":"Undefined index: post_ID","file":"\/home\/systemdreamscom\/public_html\/fhmendes\/wp-content\/themes\/fhmendes\/functions.php","line":401}

Oct 26 2018 10:43:36
{"type":8,"message":"Undefined index: post_ID","file":"\/home\/systemdreamscom\/public_html\/fhmendes\/wp-content\/themes\/fhmendes\/functions.php","line":401}

Oct 26 2018 10:44:27
{"type":8,"message":"Undefined index: post_ID","file":"\/home\/systemdreamscom\/public_html\/fhmendes\/wp-content\/themes\/fhmendes\/functions.php","line":401}

Oct 26 2018 10:45:18
{"type":8,"message":"Undefined index: post_ID","file":"\/home\/systemdreamscom\/public_html\/fhmendes\/wp-content\/themes\/fhmendes\/functions.php","line":401}

Oct 26 2018 10:46:09
{"type":8,"message":"Undefined index: post_ID","file":"\/home\/systemdreamscom\/public_html\/fhmendes\/wp-content\/themes\/fhmendes\/functions.php","line":401}

Oct 26 2018 10:47:00
{"type":8,"message":"Undefined index: post_ID","file":"\/home\/systemdreamscom\/public_html\/fhmendes\/wp-content\/themes\/fhmendes\/functions.php","line":401}

Oct 26 2018 10:47:53
{"type":8,"message":"Undefined index: post_ID","file":"\/home\/systemdreamscom\/public_html\/fhmendes\/wp-content\/themes\/fhmendes\/functions.php","line":401}

Oct 26 2018 10:48:45
{"type":8,"message":"Undefined index: post_ID","file":"\/home\/systemdreamscom\/public_html\/fhmendes\/wp-content\/themes\/fhmendes\/functions.php","line":401}

Oct 26 2018 10:49:37
{"type":8,"message":"Undefined index: post_ID","file":"\/home\/systemdreamscom\/public_html\/fhmendes\/wp-content\/themes\/fhmendes\/functions.php","line":401}

Oct 26 2018 10:50:29
{"type":8,"message":"Undefined index: post_ID","file":"\/home\/systemdreamscom\/public_html\/fhmendes\/wp-content\/themes\/fhmendes\/functions.php","line":401}

Oct 26 2018 10:51:20
{"type":8,"message":"Undefined index: post_ID","file":"\/home\/systemdreamscom\/public_html\/fhmendes\/wp-content\/themes\/fhmendes\/functions.php","line":401}

Oct 26 2018 10:52:12
{"type":8,"message":"Undefined index: post_ID","file":"\/home\/systemdreamscom\/public_html\/fhmendes\/wp-content\/themes\/fhmendes\/functions.php","line":401}

Oct 26 2018 10:53:07
{"type":8,"message":"Undefined index: post_ID","file":"\/home\/systemdreamscom\/public_html\/fhmendes\/wp-content\/themes\/fhmendes\/functions.php","line":401}

Oct 26 2018 10:53:58
{"type":8,"message":"Undefined index: post_ID","file":"\/home\/systemdreamscom\/public_html\/fhmendes\/wp-content\/themes\/fhmendes\/functions.php","line":401}

Oct 26 2018 14:28:29
{"type":8,"message":"Undefined index: post_ID","file":"\/home\/systemdreamscom\/public_html\/fhmendes\/wp-content\/themes\/fhmendes\/functions.php","line":401}

Oct 26 2018 14:28:38
{"type":8,"message":"Undefined index: post_ID","file":"\/home\/systemdreamscom\/public_html\/fhmendes\/wp-content\/themes\/fhmendes\/functions.php","line":401}

Oct 26 2018 14:28:47
{"type":8,"message":"Undefined index: post_ID","file":"\/home\/systemdreamscom\/public_html\/fhmendes\/wp-content\/themes\/fhmendes\/functions.php","line":401}

Oct 26 2018 14:28:55
{"type":8,"message":"Undefined index: post_ID","file":"\/home\/systemdreamscom\/public_html\/fhmendes\/wp-content\/themes\/fhmendes\/functions.php","line":401}

Oct 26 2018 14:29:04
{"type":8,"message":"Undefined index: post_ID","file":"\/home\/systemdreamscom\/public_html\/fhmendes\/wp-content\/themes\/fhmendes\/functions.php","line":401}

Oct 26 2018 14:29:12
{"type":8,"message":"Undefined index: post_ID","file":"\/home\/systemdreamscom\/public_html\/fhmendes\/wp-content\/themes\/fhmendes\/functions.php","line":401}

Oct 26 2018 14:29:17
{"type":8,"message":"Undefined index: post_ID","file":"\/home\/systemdreamscom\/public_html\/fhmendes\/wp-content\/themes\/fhmendes\/functions.php","line":401}

Oct 26 2018 14:29:21
{"type":8,"message":"Undefined index: post_ID","file":"\/home\/systemdreamscom\/public_html\/fhmendes\/wp-content\/themes\/fhmendes\/functions.php","line":401}

Oct 26 2018 14:29:33
{"type":8,"message":"Undefined index: post_ID","file":"\/home\/systemdreamscom\/public_html\/fhmendes\/wp-content\/themes\/fhmendes\/functions.php","line":401}

Oct 26 2018 14:29:41
{"type":8,"message":"Undefined index: post_ID","file":"\/home\/systemdreamscom\/public_html\/fhmendes\/wp-content\/themes\/fhmendes\/functions.php","line":401}

Oct 26 2018 14:29:48
{"type":8,"message":"Undefined index: post_ID","file":"\/home\/systemdreamscom\/public_html\/fhmendes\/wp-content\/themes\/fhmendes\/functions.php","line":401}

Oct 26 2018 14:29:57
{"type":8,"message":"Undefined index: post_ID","file":"\/home\/systemdreamscom\/public_html\/fhmendes\/wp-content\/themes\/fhmendes\/functions.php","line":401}

Oct 26 2018 14:30:05
{"type":8,"message":"Undefined index: post_ID","file":"\/home\/systemdreamscom\/public_html\/fhmendes\/wp-content\/themes\/fhmendes\/functions.php","line":401}

Oct 26 2018 14:30:14
{"type":8,"message":"Undefined index: post_ID","file":"\/home\/systemdreamscom\/public_html\/fhmendes\/wp-content\/themes\/fhmendes\/functions.php","line":401}

Oct 26 2018 14:30:22
{"type":8,"message":"Undefined index: post_ID","file":"\/home\/systemdreamscom\/public_html\/fhmendes\/wp-content\/themes\/fhmendes\/functions.php","line":401}

Oct 26 2018 14:30:26
{"type":8,"message":"Undefined index: post_ID","file":"\/home\/systemdreamscom\/public_html\/fhmendes\/wp-content\/themes\/fhmendes\/functions.php","line":401}

Oct 26 2018 14:30:31
{"type":8,"message":"Undefined index: post_ID","file":"\/home\/systemdreamscom\/public_html\/fhmendes\/wp-content\/themes\/fhmendes\/functions.php","line":401}

Oct 26 2018 14:30:39
{"type":8,"message":"Undefined index: post_ID","file":"\/home\/systemdreamscom\/public_html\/fhmendes\/wp-content\/themes\/fhmendes\/functions.php","line":401}

Oct 26 2018 14:30:47
{"type":8,"message":"Undefined index: post_ID","file":"\/home\/systemdreamscom\/public_html\/fhmendes\/wp-content\/themes\/fhmendes\/functions.php","line":401}

Oct 26 2018 14:30:56
{"type":8,"message":"Undefined index: post_ID","file":"\/home\/systemdreamscom\/public_html\/fhmendes\/wp-content\/themes\/fhmendes\/functions.php","line":401}

Oct 26 2018 14:31:04
{"type":8,"message":"Undefined index: post_ID","file":"\/home\/systemdreamscom\/public_html\/fhmendes\/wp-content\/themes\/fhmendes\/functions.php","line":401}

Oct 26 2018 14:31:12
{"type":8,"message":"Undefined index: post_ID","file":"\/home\/systemdreamscom\/public_html\/fhmendes\/wp-content\/themes\/fhmendes\/functions.php","line":401}

Oct 26 2018 14:31:21
{"type":8,"message":"Undefined index: post_ID","file":"\/home\/systemdreamscom\/public_html\/fhmendes\/wp-content\/themes\/fhmendes\/functions.php","line":401}

Oct 26 2018 14:31:29
{"type":8,"message":"Undefined index: post_ID","file":"\/home\/systemdreamscom\/public_html\/fhmendes\/wp-content\/themes\/fhmendes\/functions.php","line":401}

Oct 26 2018 14:31:34
{"type":8,"message":"Undefined index: post_ID","file":"\/home\/systemdreamscom\/public_html\/fhmendes\/wp-content\/themes\/fhmendes\/functions.php","line":401}

Oct 26 2018 14:31:38
{"type":8,"message":"Undefined index: post_ID","file":"\/home\/systemdreamscom\/public_html\/fhmendes\/wp-content\/themes\/fhmendes\/functions.php","line":401}

Oct 26 2018 14:31:47
{"type":8,"message":"Undefined index: post_ID","file":"\/home\/systemdreamscom\/public_html\/fhmendes\/wp-content\/themes\/fhmendes\/functions.php","line":401}

Oct 26 2018 14:31:55
{"type":8,"message":"Undefined index: post_ID","file":"\/home\/systemdreamscom\/public_html\/fhmendes\/wp-content\/themes\/fhmendes\/functions.php","line":401}

Oct 26 2018 14:32:02
{"type":8,"message":"Undefined index: post_ID","file":"\/home\/systemdreamscom\/public_html\/fhmendes\/wp-content\/themes\/fhmendes\/functions.php","line":401}

Oct 26 2018 14:32:11
{"type":8,"message":"Undefined index: post_ID","file":"\/home\/systemdreamscom\/public_html\/fhmendes\/wp-content\/themes\/fhmendes\/functions.php","line":401}

Oct 26 2018 14:32:19
{"type":8,"message":"Undefined index: post_ID","file":"\/home\/systemdreamscom\/public_html\/fhmendes\/wp-content\/themes\/fhmendes\/functions.php","line":401}

Oct 26 2018 14:32:27
{"type":8,"message":"Undefined index: post_ID","file":"\/home\/systemdreamscom\/public_html\/fhmendes\/wp-content\/themes\/fhmendes\/functions.php","line":401}

Oct 26 2018 14:32:35
{"type":8,"message":"Undefined index: post_ID","file":"\/home\/systemdreamscom\/public_html\/fhmendes\/wp-content\/themes\/fhmendes\/functions.php","line":401}

Oct 26 2018 14:32:40
{"type":8,"message":"Undefined index: post_ID","file":"\/home\/systemdreamscom\/public_html\/fhmendes\/wp-content\/themes\/fhmendes\/functions.php","line":401}

Oct 26 2018 14:32:44
{"type":8,"message":"Undefined index: post_ID","file":"\/home\/systemdreamscom\/public_html\/fhmendes\/wp-content\/themes\/fhmendes\/functions.php","line":401}

Oct 26 2018 14:32:53
{"type":8,"message":"Undefined index: post_ID","file":"\/home\/systemdreamscom\/public_html\/fhmendes\/wp-content\/themes\/fhmendes\/functions.php","line":401}

Oct 26 2018 14:33:01
{"type":8,"message":"Undefined index: post_ID","file":"\/home\/systemdreamscom\/public_html\/fhmendes\/wp-content\/themes\/fhmendes\/functions.php","line":401}

Oct 26 2018 14:33:09
{"type":8,"message":"Undefined index: post_ID","file":"\/home\/systemdreamscom\/public_html\/fhmendes\/wp-content\/themes\/fhmendes\/functions.php","line":401}

Oct 26 2018 14:33:18
{"type":8,"message":"Undefined index: post_ID","file":"\/home\/systemdreamscom\/public_html\/fhmendes\/wp-content\/themes\/fhmendes\/functions.php","line":401}

Oct 26 2018 14:33:26
{"type":8,"message":"Undefined index: post_ID","file":"\/home\/systemdreamscom\/public_html\/fhmendes\/wp-content\/themes\/fhmendes\/functions.php","line":401}

Oct 26 2018 14:33:34
{"type":8,"message":"Undefined index: post_ID","file":"\/home\/systemdreamscom\/public_html\/fhmendes\/wp-content\/themes\/fhmendes\/functions.php","line":401}

Oct 26 2018 14:33:42
{"type":8,"message":"Undefined index: post_ID","file":"\/home\/systemdreamscom\/public_html\/fhmendes\/wp-content\/themes\/fhmendes\/functions.php","line":401}

Oct 26 2018 14:33:47
{"type":8,"message":"Undefined index: post_ID","file":"\/home\/systemdreamscom\/public_html\/fhmendes\/wp-content\/themes\/fhmendes\/functions.php","line":401}

Oct 26 2018 14:33:51
{"type":8,"message":"Undefined index: post_ID","file":"\/home\/systemdreamscom\/public_html\/fhmendes\/wp-content\/themes\/fhmendes\/functions.php","line":401}

Oct 26 2018 14:34:00
{"type":8,"message":"Undefined index: post_ID","file":"\/home\/systemdreamscom\/public_html\/fhmendes\/wp-content\/themes\/fhmendes\/functions.php","line":401}

Oct 26 2018 14:34:08
{"type":8,"message":"Undefined index: post_ID","file":"\/home\/systemdreamscom\/public_html\/fhmendes\/wp-content\/themes\/fhmendes\/functions.php","line":401}

Oct 26 2018 14:34:12
{"type":8,"message":"Undefined index: post_ID","file":"\/home\/systemdreamscom\/public_html\/fhmendes\/wp-content\/themes\/fhmendes\/functions.php","line":401}

Oct 26 2018 14:34:12
{"type":8,"message":"Undefined index: post_ID","file":"\/home\/systemdreamscom\/public_html\/fhmendes\/wp-content\/themes\/fhmendes\/functions.php","line":401}

Oct 26 2018 14:34:14
{"type":8,"message":"Undefined index: post_ID","file":"\/home\/systemdreamscom\/public_html\/fhmendes\/wp-content\/themes\/fhmendes\/functions.php","line":401}

Oct 26 2018 14:34:14
{"type":8,"message":"Undefined index: post_ID","file":"\/home\/systemdreamscom\/public_html\/fhmendes\/wp-content\/themes\/fhmendes\/functions.php","line":401}

Oct 26 2018 14:41:57
{"type":8,"message":"Undefined index: post_ID","file":"\/home\/systemdreamscom\/public_html\/fhmendes\/wp-content\/themes\/fhmendes\/functions.php","line":401}

Oct 26 2018 14:41:59
{"type":8,"message":"Undefined index: post_ID","file":"\/home\/systemdreamscom\/public_html\/fhmendes\/wp-content\/themes\/fhmendes\/functions.php","line":401}

Oct 26 2018 14:42:05
{"type":8,"message":"Undefined index: post_ID","file":"\/home\/systemdreamscom\/public_html\/fhmendes\/wp-content\/themes\/fhmendes\/functions.php","line":401}

Oct 26 2018 14:42:06
{"type":8,"message":"Undefined index: post_ID","file":"\/home\/systemdreamscom\/public_html\/fhmendes\/wp-content\/themes\/fhmendes\/functions.php","line":446}

Oct 26 2018 14:42:08
{"type":8,"message":"Undefined index: post_ID","file":"\/home\/systemdreamscom\/public_html\/fhmendes\/wp-content\/themes\/fhmendes\/functions.php","line":446}

Oct 26 2018 14:42:10
{"type":8,"message":"Undefined index: post_ID","file":"\/home\/systemdreamscom\/public_html\/fhmendes\/wp-content\/themes\/fhmendes\/functions.php","line":446}

Nov 02 2018 20:44:37
{"type":8,"message":"Undefined index: post_ID","file":"\/home\/systemdreamscom\/public_html\/fhmendes\/wp-content\/themes\/fhmendes\/functions.php","line":474}

Nov 02 2018 20:44:38
{"type":8,"message":"Undefined index: post_ID","file":"\/home\/systemdreamscom\/public_html\/fhmendes\/wp-content\/themes\/fhmendes\/functions.php","line":474}

Nov 02 2018 20:44:39
{"type":8,"message":"Undefined index: post_ID","file":"\/home\/systemdreamscom\/public_html\/fhmendes\/wp-content\/themes\/fhmendes\/functions.php","line":474}

Nov 02 2018 20:44:40
{"type":8,"message":"Undefined index: post_ID","file":"\/home\/systemdreamscom\/public_html\/fhmendes\/wp-content\/themes\/fhmendes\/functions.php","line":474}

Nov 02 2018 20:44:41
{"type":8,"message":"Undefined index: post_ID","file":"\/home\/systemdreamscom\/public_html\/fhmendes\/wp-content\/themes\/fhmendes\/functions.php","line":474}

Nov 02 2018 20:44:52
{"type":8,"message":"Undefined index: post_ID","file":"\/home\/systemdreamscom\/public_html\/fhmendes\/wp-content\/themes\/fhmendes\/functions.php","line":474}

Nov 02 2018 20:45:01
{"type":8,"message":"Undefined index: post_ID","file":"\/home\/systemdreamscom\/public_html\/fhmendes\/wp-content\/themes\/fhmendes\/functions.php","line":474}

Nov 02 2018 20:45:02
{"type":8,"message":"Undefined index: post_ID","file":"\/home\/systemdreamscom\/public_html\/fhmendes\/wp-content\/themes\/fhmendes\/functions.php","line":474}

Nov 02 2018 20:45:03
{"type":8,"message":"Undefined index: post_ID","file":"\/home\/systemdreamscom\/public_html\/fhmendes\/wp-content\/themes\/fhmendes\/functions.php","line":474}

Nov 02 2018 20:45:04
{"type":8,"message":"Undefined index: post_ID","file":"\/home\/systemdreamscom\/public_html\/fhmendes\/wp-content\/themes\/fhmendes\/functions.php","line":474}

Nov 02 2018 20:45:05
{"type":8,"message":"Undefined index: post_ID","file":"\/home\/systemdreamscom\/public_html\/fhmendes\/wp-content\/themes\/fhmendes\/functions.php","line":474}

Dec 27 2018 17:17:47
{"type":8,"message":"Undefined index: post_ID","file":"C:\\xamppp\\htdocs\\klaryus\\wp-content\\themes\\klaryus\\functions.php","line":223}

Dec 27 2018 17:17:47
{"type":8,"message":"Undefined index: post_ID","file":"C:\\xamppp\\htdocs\\klaryus\\wp-content\\themes\\klaryus\\functions.php","line":223}

Dec 27 2018 17:17:48
{"type":8,"message":"Undefined index: post_ID","file":"C:\\xamppp\\htdocs\\klaryus\\wp-content\\themes\\klaryus\\functions.php","line":223}

Dec 27 2018 17:17:48
{"type":8,"message":"Undefined index: post_ID","file":"C:\\xamppp\\htdocs\\klaryus\\wp-content\\themes\\klaryus\\functions.php","line":223}

Dec 27 2018 17:17:54
{"type":8,"message":"Undefined index: post_ID","file":"C:\\xamppp\\htdocs\\klaryus\\wp-content\\themes\\klaryus\\functions.php","line":223}

Dec 27 2018 17:18:04
{"type":8,"message":"Undefined index: post_ID","file":"C:\\xamppp\\htdocs\\klaryus\\wp-content\\themes\\klaryus\\functions.php","line":223}

Dec 27 2018 17:18:14
{"type":8,"message":"Undefined index: post_ID","file":"C:\\xamppp\\htdocs\\klaryus\\wp-content\\themes\\klaryus\\functions.php","line":223}

Dec 27 2018 17:18:25
{"type":8,"message":"Undefined index: post_ID","file":"C:\\xamppp\\htdocs\\klaryus\\wp-content\\themes\\klaryus\\functions.php","line":223}

Dec 27 2018 17:18:35
{"type":8,"message":"Undefined index: post_ID","file":"C:\\xamppp\\htdocs\\klaryus\\wp-content\\themes\\klaryus\\functions.php","line":223}

Dec 27 2018 17:18:46
{"type":8,"message":"Undefined index: post_ID","file":"C:\\xamppp\\htdocs\\klaryus\\wp-content\\themes\\klaryus\\functions.php","line":223}

Dec 27 2018 17:18:56
{"type":8,"message":"Undefined index: post_ID","file":"C:\\xamppp\\htdocs\\klaryus\\wp-content\\themes\\klaryus\\functions.php","line":223}

Dec 27 2018 17:19:06
{"type":8,"message":"Undefined index: post_ID","file":"C:\\xamppp\\htdocs\\klaryus\\wp-content\\themes\\klaryus\\functions.php","line":223}

Dec 27 2018 17:19:17
{"type":8,"message":"Undefined index: post_ID","file":"C:\\xamppp\\htdocs\\klaryus\\wp-content\\themes\\klaryus\\functions.php","line":223}

Dec 27 2018 17:19:27
{"type":8,"message":"Undefined index: post_ID","file":"C:\\xamppp\\htdocs\\klaryus\\wp-content\\themes\\klaryus\\functions.php","line":223}

Dec 27 2018 17:19:37
{"type":8,"message":"Undefined index: post_ID","file":"C:\\xamppp\\htdocs\\klaryus\\wp-content\\themes\\klaryus\\functions.php","line":223}

Dec 27 2018 17:19:48
{"type":8,"message":"Undefined index: post_ID","file":"C:\\xamppp\\htdocs\\klaryus\\wp-content\\themes\\klaryus\\functions.php","line":223}

Dec 27 2018 17:19:54
{"type":8,"message":"Undefined index: post_ID","file":"C:\\xamppp\\htdocs\\klaryus\\wp-content\\themes\\klaryus\\functions.php","line":223}

Dec 27 2018 17:19:54
{"type":8,"message":"Undefined index: post_ID","file":"C:\\xamppp\\htdocs\\klaryus\\wp-content\\themes\\klaryus\\functions.php","line":223}

Dec 27 2018 17:19:55
{"type":8,"message":"Undefined index: post_ID","file":"C:\\xamppp\\htdocs\\klaryus\\wp-content\\themes\\klaryus\\functions.php","line":223}

Dec 27 2018 17:19:55
{"type":8,"message":"Undefined index: post_ID","file":"C:\\xamppp\\htdocs\\klaryus\\wp-content\\themes\\klaryus\\functions.php","line":223}

Dec 27 2018 17:19:56
{"type":8,"message":"Undefined index: post_ID","file":"C:\\xamppp\\htdocs\\klaryus\\wp-content\\themes\\klaryus\\functions.php","line":223}

